make.exe all --print-data-base --no-builtin-variables --no-builtin-rules --question
process_begin: CreateProcess(NULL, pwd, ...) failed.
Makefile:6: pipe: No error
make: *** No rule to make target 'all'.  Stop.
 
# GNU Make 4.3
# Built for Windows32
# Copyright (C) 1988-2020 Free Software Foundation, Inc.
# License GPLv3+: GNU GPL version 3 or later <http://gnu.org/licenses/gpl.html>
# This is free software: you are free to change and redistribute it.
# There is NO WARRANTY, to the extent permitted by law.

# Make data base, printed on Tue Aug 10 17:17:52 2021

# Variables

# environment
SYSTEMDRIVE = C:
# environment
LC_ALL = C
# environment
USERPROFILE = C:\Users\Anthony
# environment
LOCALAPPDATA = C:\Users\Anthony\AppData\Local
# environment
VSCODE_IPC_HOOK_EXTHOST = \\.\pipe\vscode-ipc-46f9415b-9fd5-453e-aa2d-da332a64525c-sock
# environment
VSCODE_CWD = C:\Users\Anthony\AppData\Local\Programs\Microsoft VS Code
# environment
CHOCOLATEYINSTALL = C:\ProgramData\chocolatey
# environment
SYSTEMROOT = C:\WINDOWS
# environment
PROCESSOR_LEVEL = 23
# environment
PSMODULEPATH = C:\Program Files\WindowsPowerShell\Modules;C:\WINDOWS\system32\WindowsPowerShell\v1.0\Modules
# default
MAKE_COMMAND := C:/ProgramData/chocolatey/lib/make/tools/install/bin/make.exe
# environment
GOPATH = C:\Users\Anthony\go
# automatic
@D = $(patsubst %/,%,$(patsubst %\,%,$(dir $@)))
# environment
CHROME_CRASHPAD_PIPE_NAME = \\.\pipe\crashpad_35104_MEYYDPSTXSKRMBYC
# environment
VSCODE_BROWSER_CODE_LOADING = bypassHeatCheck
# environment
VSCODE_HANDLES_UNCAUGHT_ERRORS = true
# default
.VARIABLES := 
# automatic
%D = $(patsubst %/,%,$(patsubst %\,%,$(dir $%)))
# automatic
^D = $(patsubst %/,%,$(patsubst %\,%,$(dir $^)))
# environment
VSCODE_LOG_STACK = false
# automatic
%F = $(notdir $%)
# environment
VSCODE_CODE_CACHE_PATH = C:\Users\Anthony\AppData\Roaming\Code\CachedData\379476f0e13988d90fab105c5c19e7abc8b1dea8
# environment
LANG = C
# default
.LOADED := 
# environment
TMP = C:\Users\Anthony\AppData\Local\Temp
# default
.INCLUDE_DIRS = .
# environment
PROCESSOR_ARCHITEW6432 = AMD64
# makefile
MAKEFLAGS = pqrR
# environment
ONEDRIVE = C:\Users\Anthony\OneDrive
# makefile (from 'Makefile', line 3)
gcloud_proj_id := sylvan-bonbon-317613
# makefile
CURDIR := c:/Users/Anthony/Documents/githubprojects/ps-landing-ui
# environment
VSCODE_PIPE_LOGGING = true
# environment
APPLICATION_INSIGHTS_NO_DIAGNOSTIC_CHANNEL = true
# automatic
*D = $(patsubst %/,%,$(patsubst %\,%,$(dir $*)))
# environment
PROGRAMFILES = C:\Program Files (x86)
# environment
MFLAGS = -pqrR
# default
.SHELLFLAGS := -c
# environment
COMMONPROGRAMW6432 = C:\Program Files\Common Files
# automatic
+D = $(patsubst %/,%,$(patsubst %\,%,$(dir $+)))
# makefile (from 'Makefile', line 1)
MAKEFILE_LIST := Makefile
# automatic
@F = $(notdir $@)
# environment
VSCODE_VERBOSE_LOGGING = true
# environment
VSCODE_PID = 35104
# automatic
?D = $(patsubst %/,%,$(patsubst %\,%,$(dir $?)))
# automatic
*F = $(notdir $*)
# automatic
<D = $(patsubst %/,%,$(patsubst %\,%,$(dir $<)))
# environment
VSCODE_NLS_CONFIG = {"locale":"en-us","availableLanguages":{},"_languagePackSupport":true}
# default
MAKE_HOST := Windows32
# environment
PROGRAMDATA = C:\ProgramData
# default
SHELL := sh.exe
# makefile (from 'Makefile', line 2)
version := 0.0.5
# environment
HOMEPATH = \Users\Anthony
# default
MAKECMDGOALS := all
# makefile (from 'Makefile', line 5)
docker-image := gcr.io/sylvan-bonbon-317613/ps-landing:0.0.5
# environment
DRIVERDATA = C:\Windows\System32\Drivers\DriverData
# environment
COMSPEC = C:\WINDOWS\system32\cmd.exe
# environment
WINDIR = C:\WINDOWS
# environment
MAKELEVEL := 0
# makefile (from 'Makefile', line 7)
port := 80
# default
MAKE = $(MAKE_COMMAND)
# environment
PATH = C:\Python39\Scripts\;C:\Python39\;C:\Program Files (x86)\Razer Chroma SDK\bin;C:\Program Files\Razer Chroma SDK\bin;C:\Program Files (x86)\Razer\ChromaBroadcast\bin;C:\Program Files\Razer\ChromaBroadcast\bin;c:\program files (x86)\common files\oracle\java\javapath;c:\program files (x86)\razer chroma sdk\bin;c:\program files\razer chroma sdk\bin;c:\windows\system32;c:\windows;c:\windows\system32\wbem;c:\windows\system32\windowspowershell\v1.0\;c:\windows\system32\openssh\;c:\windows\system32\config\systemprofile\appdata\local\microsoft\windowsapps;C:\WINDOWS\system32;C:\WINDOWS;C:\WINDOWS\System32\Wbem;C:\WINDOWS\System32\WindowsPowerShell\v1.0\;C:\WINDOWS\System32\OpenSSH\;C:\Program Files\NVIDIA Corporation\NVIDIA NvDLISR;C:\Users\Anthony\AppData\Local\Microsoft\WindowsApps;C:\Users\Anthony\AppData\Local\GitHubDesktop\bin;C:\WINDOWS\system32\config\systemprofile\AppData\Local\Microsoft\WindowsApps;C:\Program Files (x86)\NVIDIA Corporation\PhysX\Common;C:\WINDOWS\system32;C:\WINDOWS;C:\WINDOWS\System32\Wbem;C:\WINDOWS\System32\WindowsPowerShell\v1.0\;C:\WINDOWS\System32\OpenSSH\;C:\Program Files\dotnet\;C:\Program Files\Go\bin;C:\Program Files\Git\cmd;C:\Program Files\nodejs\;C:\ProgramData\chocolatey\bin;C:\Users\Anthony\AppData\Local\Microsoft\WindowsApps;C:\Users\Anthony\AppData\Local\GitHubDesktop\bin;C:\Users\Anthony\AppData\Local\Microsoft\WindowsApps;C:\Users\Anthony\go\bin;C:\Users\Anthony\AppData\Local\Programs\Microsoft VS Code\bin;C:\Users\Anthony\AppData\Roaming\npm
# environment
COMPUTERNAME = DESKTOP-57C0FEH
# default
MAKEFILES := 
# automatic
^F = $(notdir $^)
# environment
PROMPT = $P$G
# environment
CHOCOLATEYLASTPATHUPDATE = 132663434770678375
# environment
LOGONSERVER = \\DESKTOP-57C0FEH
# makefile (from 'Makefile', line 6)
root := 
# environment
VSCODE_LOG_NATIVE = false
# environment
USERNAME = Anthony
# environment
COMMONPROGRAMFILES = C:\Program Files (x86)\Common Files
# automatic
?F = $(notdir $?)
# environment
PROGRAMW6432 = C:\Program Files
# environment
PATHEXT = .COM;.EXE;.BAT;.CMD;.VBS;.VBE;.JS;.JSE;.WSF;.WSH;.MSC;.PY;.PYW
# automatic
+F = $(notdir $+)
# environment
ORIGINAL_XDG_CURRENT_DESKTOP = undefined
# makefile (from 'Makefile', line 4)
cluster-dev := ps-dev
# environment
USERDOMAIN = DESKTOP-57C0FEH
# 'override' directive
GNUMAKEFLAGS := 
# environment
OS = Windows_NT
# environment
__COMPAT_LAYER = DetectorsAppHealth
# makefile
.DEFAULT_GOAL := list
# makefile (from 'Makefile', line 1)
service := ps-landing
# default
MAKE_VERSION := 4.3
# 'override' directive
.SHELLSTATUS := 127
# environment
PROGRAMFILES(X86) = C:\Program Files (x86)
# environment
USERDOMAIN_ROAMINGPROFILE = DESKTOP-57C0FEH
# environment
NUMBER_OF_PROCESSORS = 16
# environment
PUBLIC = C:\Users\Public
# environment
APPDATA = C:\Users\Anthony\AppData\Roaming
# environment
HOMEDRIVE = C:
# environment
PROCESSOR_ARCHITECTURE = x86
# environment
VSCODE_AMD_ENTRYPOINT = vs/workbench/services/extensions/node/extensionHostProcess
# environment
COMMONPROGRAMFILES(X86) = C:\Program Files (x86)\Common Files
# environment
ELECTRON_RUN_AS_NODE = 1
# environment
TEMP = C:\Users\Anthony\AppData\Local\Temp
# environment
VSCODE_IPC_HOOK = \\.\pipe\54c099f2ac2c2602a7a7d3e100663984-1.59.0-main-sock
# default
.RECIPEPREFIX := 
# automatic
<F = $(notdir $<)
# default
SUFFIXES := 
# environment
ALLUSERSPROFILE = C:\ProgramData
# environment
SESSIONNAME = Console
# default
.FEATURES := target-specific order-only second-expansion else-if shortest-stem undefine oneshell nocomment grouped-target extra-prereqs archives jobserver output-sync load
# environment
PROCESSOR_REVISION = 0802
# environment
PROCESSOR_IDENTIFIER = AMD64 Family 23 Model 8 Stepping 2, AuthenticAMD
# variable set hash-table stats:
# Load=105/1024=10%, Rehash=0, Collisions=9/139=6%

# Pattern-specific Variable Values

# No pattern-specific variable values.

# Directories

# . (key c:/Users/Anthony/Documents/githubprojects/ps-landing-ui, mtime 1628630271): 21 files, no impossibilities.

# 21 files, no impossibilities in 1 directories.

# Implicit Rules

# No implicit rules.

# Files

bumpversion-patch:
#  Implicit rule search has not been done.
#  Modification time never checked.
#  File has not been updated.
#  recipe to execute (from 'Makefile', line 26):
	bumpversion patch --allow-dirty

# Not a target:
Makefile:
#  Implicit rule search has been done.
#  Last modified 2021-08-10 17:17:33
#  File has been updated.
#  Successfully updated.

bootstrap-deploy-dev:
#  Implicit rule search has not been done.
#  Modification time never checked.
#  File has not been updated.
#  recipe to execute (from 'Makefile', line 29):
	gcloud container clusters get-credentials ${cluster-dev} --zone us-central1-c --project ${gcloud_proj}
	make docker-build
	make docker-push
	kubectl create -f deployments/k8s/service.yml
	kubectl create -f deployments/k8s/deploy.yml

# Not a target:
.DEFAULT:
#  Implicit rule search has not been done.
#  Modification time never checked.
#  File has not been updated.

# Not a target:
all:
#  Command line target.
#  Implicit rule search has been done.
#  File does not exist.
#  File has not been updated.

purge:
#  Implicit rule search has not been done.
#  Modification time never checked.
#  File has not been updated.
#  recipe to execute (from 'Makefile', line 45):
	go clean
	rm -rf $(root)/vendor

docker-dev:
#  Implicit rule search has not been done.
#  Modification time never checked.
#  File has not been updated.
#  recipe to execute (from 'Makefile', line 16):
	make docker-build
	make docker-run

docker-push:
#  Implicit rule search has not been done.
#  Modification time never checked.
#  File has not been updated.
#  recipe to execute (from 'Makefile', line 20):
	docker push $(docker-image)

deploy-dev:
#  Implicit rule search has not been done.
#  Modification time never checked.
#  File has not been updated.
#  recipe to execute (from 'Makefile', line 36):
	git add .
	git commit -m "${version}"
	git push origin master
	gcloud container clusters get-credentials ${cluster-dev} --zone us-central1-c --project ${gcloud_proj}
	make docker-build
	make docker-push
	kubectl apply -f deployments/k8s/deploy-dev.yml

list:
#  Implicit rule search has not been done.
#  Modification time never checked.
#  File has not been updated.
#  recipe to execute (from 'Makefile', line 10):
	@grep '^[^#[:space:]].*:' Makefile | grep -v ':=' | grep -v '^\.' | sed 's/:.*//g' | sed 's/://g' | sort

docker-build:
#  Implicit rule search has not been done.
#  Modification time never checked.
#  File has not been updated.
#  recipe to execute (from 'Makefile', line 13):
	docker build -t $(docker-image) .

docker-run:
#  Implicit rule search has not been done.
#  Modification time never checked.
#  File has not been updated.
#  recipe to execute (from 'Makefile', line 23):
	@docker run -itp $(port):$(port)  $(docker-image)

# files hash-table stats:
# Load=13/1024=1%, Rehash=0, Collisions=0/23=0%
# VPATH Search Paths

# No 'vpath' search paths.

# No general ('VPATH' variable) search path.

# strcache buffers: 1 (0) / strings = 33 / storage = 300 B / avg = 9 B
# current buf: size = 8174 B / used = 300 B / count = 33 / avg = 9 B

# strcache performance: lookups = 46 / hit rate = 28%
# hash-table stats:
# Load=33/8192=0%, Rehash=0, Collisions=0/46=0%
# Finished Make data base on Tue Aug 10 17:17:52 2021

 
